09-11-2024 00:45:25 : INFO : logger : Successfully Instantiated Preprocessing Class Object
09-11-2024 01:10:10 : INFO : logger : Successfully Instantiated Preprocessing Class Object
09-11-2024 01:10:10 : INFO : logger : Successfully Instantiated Preprocessing Class Object
09-11-2024 01:10:13 : INFO : logger : Plotting a bar chart
09-11-2024 01:10:13 : INFO : logger : Plotting a bar chart
09-11-2024 01:10:13 : INFO : logger : Plotting a bar chart
09-11-2024 01:10:13 : INFO : logger : Plotting a bar chart
09-11-2024 01:10:14 : INFO : logger : Plotting a bar chart
09-11-2024 01:10:14 : INFO : logger : Plotting a bar chart
09-11-2024 01:10:14 : INFO : logger : Plotting a bar chart
09-11-2024 01:10:14 : INFO : logger : Plotting a bar chart
09-11-2024 01:10:15 : INFO : logger : Plotting a bar chart
09-11-2024 01:10:15 : INFO : logger : Plotting a bar chart
09-11-2024 01:28:58 : INFO : logger : Plotting a histogram
09-11-2024 01:28:58 : INFO : logger : Plotting a histogram
09-11-2024 01:29:00 : INFO : logger : Plotting a histogram
09-11-2024 01:29:00 : INFO : logger : Plotting a histogram
09-11-2024 01:29:02 : INFO : logger : Plotting a histogram
09-11-2024 01:29:02 : INFO : logger : Plotting a histogram
09-11-2024 01:29:03 : INFO : logger : Plotting a histogram
09-11-2024 01:29:03 : INFO : logger : Plotting a histogram
09-11-2024 01:29:05 : INFO : logger : Plotting a histogram
09-11-2024 01:29:05 : INFO : logger : Plotting a histogram
09-11-2024 01:29:06 : INFO : logger : Plotting a histogram
09-11-2024 01:29:06 : INFO : logger : Plotting a histogram
09-11-2024 01:29:08 : INFO : logger : Plotting a histogram
09-11-2024 01:29:08 : INFO : logger : Plotting a histogram
09-11-2024 01:29:10 : INFO : logger : Plotting a histogram
09-11-2024 01:29:10 : INFO : logger : Plotting a histogram
09-11-2024 01:29:11 : INFO : logger : Plotting a histogram
09-11-2024 01:29:11 : INFO : logger : Plotting a histogram
09-11-2024 01:29:12 : INFO : logger : Plotting a scatter plot
09-11-2024 01:29:12 : INFO : logger : Plotting a scatter plot
09-11-2024 01:29:12 : INFO : logger : Plotting a scatter plot
09-11-2024 01:29:12 : INFO : logger : Plotting a scatter plot
09-11-2024 01:29:14 : INFO : logger : Plotting a bar chart
09-11-2024 01:29:14 : INFO : logger : Plotting a bar chart
09-11-2024 01:31:47 : INFO : logger : Plotting a histogram
09-11-2024 01:31:47 : INFO : logger : Plotting a histogram
09-11-2024 01:32:34 : INFO : logger : Successfully Instantiated Preprocessing Class Object
09-11-2024 01:32:37 : INFO : logger : Plotting a bar chart
09-11-2024 01:32:37 : INFO : logger : Plotting a bar chart
09-11-2024 01:32:38 : INFO : logger : Plotting a bar chart
09-11-2024 01:32:38 : INFO : logger : Plotting a bar chart
09-11-2024 01:32:38 : INFO : logger : Plotting a bar chart
09-11-2024 01:32:41 : INFO : logger : Plotting a histogram
09-11-2024 01:32:43 : INFO : logger : Plotting a histogram
09-11-2024 01:32:44 : INFO : logger : Plotting a histogram
09-11-2024 01:32:46 : INFO : logger : Plotting a histogram
09-11-2024 01:32:47 : INFO : logger : Plotting a histogram
09-11-2024 01:32:49 : INFO : logger : Plotting a histogram
09-11-2024 01:32:50 : INFO : logger : Plotting a histogram
09-11-2024 01:32:52 : INFO : logger : Plotting a histogram
09-11-2024 01:32:54 : INFO : logger : Plotting a histogram
09-11-2024 01:32:54 : INFO : logger : Plotting a scatter plot
09-11-2024 01:32:55 : INFO : logger : Plotting a scatter plot
09-11-2024 01:32:55 : INFO : logger : Plotting a bar chart
09-11-2024 02:08:24 : INFO : logger : Successfully Instantiated Preprocessing Class Object
09-11-2024 02:08:24 : INFO : logger : Successfully Instantiated Outlier Class Object
09-11-2024 02:26:01 : INFO : logger : Plotting a pie chart
09-11-2024 03:07:19 : INFO : logger : Successfully Instantiated Preprocessing Class Object
09-11-2024 03:07:19 : INFO : logger : Successfully Instantiated Outlier Class Object
09-11-2024 03:24:28 : INFO : logger : Successfully Instantiated Preprocessing Class Object
09-11-2024 03:24:28 : INFO : logger : Successfully Instantiated Outlier Class Object
09-11-2024 04:01:35 : INFO : logger : Plotting a bar chart
09-11-2024 04:03:33 : INFO : logger : Plotting a bar chart
09-11-2024 04:18:13 : INFO : logger : Plotting a pie chart
09-11-2024 04:19:00 : INFO : logger : Plotting a pie chart
09-11-2024 04:22:08 : INFO : logger : Successfully Instantiated Preprocessing Class Object
09-11-2024 04:22:08 : INFO : logger : Successfully Instantiated Outlier Class Object
09-11-2024 04:22:18 : INFO : logger : Plotting a bar chart
09-11-2024 04:22:18 : INFO : logger : Plotting a bar chart
09-11-2024 04:22:20 : INFO : logger : Plotting a pie chart
09-11-2024 04:22:20 : INFO : logger : Plotting a pie chart
09-11-2024 04:42:07 : INFO : logger : Successfully Instantiated Preprocessing Class Object
09-11-2024 04:42:07 : INFO : logger : Successfully Instantiated Outlier Class Object
