09-11-2024 01:49:26 : INFO : logger : Initialized userEngagement.py logger
09-11-2024 02:08:24 : INFO : logger : Successfully Instantiated Preprocessing Class Object
09-11-2024 02:08:24 : INFO : logger : Successfully Instantiated Outlier Class Object
09-11-2024 02:26:01 : INFO : logger : Plotting a pie chart
09-11-2024 03:07:17 : INFO : logger : Initialized userEngagement.py logger
09-11-2024 03:07:19 : INFO : logger : Successfully Instantiated Preprocessing Class Object
09-11-2024 03:07:19 : INFO : logger : Successfully Instantiated Outlier Class Object
09-11-2024 03:24:26 : INFO : logger : Initialized user_experience logger
09-11-2024 03:24:28 : INFO : logger : Successfully Instantiated Preprocessing Class Object
09-11-2024 03:24:28 : INFO : logger : Successfully Instantiated Outlier Class Object
09-11-2024 04:01:35 : INFO : logger : Plotting a bar chart
09-11-2024 04:03:33 : INFO : logger : Plotting a bar chart
09-11-2024 04:18:13 : INFO : logger : Plotting a pie chart
09-11-2024 04:19:00 : INFO : logger : Plotting a pie chart
09-11-2024 04:22:06 : INFO : logger : Initialized user_experience logger
09-11-2024 04:22:08 : INFO : logger : Successfully Instantiated Preprocessing Class Object
09-11-2024 04:22:08 : INFO : logger : Successfully Instantiated Outlier Class Object
09-11-2024 04:22:18 : INFO : logger : Plotting a bar chart
09-11-2024 04:22:18 : INFO : logger : Plotting a bar chart
09-11-2024 04:22:20 : INFO : logger : Plotting a pie chart
09-11-2024 04:22:20 : INFO : logger : Plotting a pie chart
09-11-2024 04:42:05 : INFO : logger : Initialized userEngagement.py logger
09-11-2024 04:42:07 : INFO : logger : Successfully Instantiated Preprocessing Class Object
09-11-2024 04:42:07 : INFO : logger : Successfully Instantiated Outlier Class Object
